[18Dec2022 00:00:30.982] [Render thread/INFO] [net.minecraft.advancements.AdvancementList/]: Loaded 8 advancements
[18Dec2022 00:00:46.291] [Server thread/INFO] [net.minecraft.server.MinecraftServer/]: [Dev: Set the time to 13000]
[18Dec2022 00:00:46.301] [Render thread/INFO] [net.minecraft.client.gui.components.ChatComponent/]: [System] [CHAT] Set the time to 13000
[18Dec2022 00:00:48.932] [Server thread/INFO] [net.minecraft.client.server.IntegratedServer/]: Saving and pausing game...
[18Dec2022 00:00:48.941] [Server thread/INFO] [net.minecraft.server.MinecraftServer/]: Saving chunks for level 'ServerLevel[Prototype Jungle Skeleton 1]'/minecraft:overworld
[18Dec2022 00:00:48.957] [Server thread/INFO] [net.minecraft.server.MinecraftServer/]: Saving chunks for level 'ServerLevel[Prototype Jungle Skeleton 1]'/minecraft:the_end
[18Dec2022 00:00:48.959] [Server thread/INFO] [net.minecraft.server.MinecraftServer/]: Saving chunks for level 'ServerLevel[Prototype Jungle Skeleton 1]'/minecraft:the_nether
[18Dec2022 00:00:49.974] [Server thread/INFO] [net.minecraft.client.server.IntegratedServer/]: Saving and pausing game...
[18Dec2022 00:00:49.978] [Server thread/INFO] [net.minecraft.server.MinecraftServer/]: Saving chunks for level 'ServerLevel[Prototype Jungle Skeleton 1]'/minecraft:overworld
[18Dec2022 00:00:50.006] [Server thread/INFO] [net.minecraft.server.MinecraftServer/]: Saving chunks for level 'ServerLevel[Prototype Jungle Skeleton 1]'/minecraft:the_end
[18Dec2022 00:00:50.007] [Server thread/INFO] [net.minecraft.server.MinecraftServer/]: Saving chunks for level 'ServerLevel[Prototype Jungle Skeleton 1]'/minecraft:the_nether
[18Dec2022 00:00:58.218] [Render thread/INFO] [net.minecraft.advancements.AdvancementList/]: Loaded 10 advancements
[18Dec2022 00:00:59.651] [Server thread/INFO] [net.minecraft.server.MinecraftServer/]: Dev has made the advancement [Suit Up]
[18Dec2022 00:00:59.664] [Render thread/INFO] [net.minecraft.client.gui.components.ChatComponent/]: [System] [CHAT] Dev has made the advancement [Suit Up]
[18Dec2022 00:00:59.682] [Render thread/INFO] [net.minecraft.advancements.AdvancementList/]: Loaded 16 advancements
[18Dec2022 00:01:55.834] [Server thread/INFO] [net.minecraft.server.MinecraftServer/]: [Dev: Set own game mode to Survival Mode]
[18Dec2022 00:01:55.835] [Render thread/INFO] [net.minecraft.client.gui.components.ChatComponent/]: [System] [CHAT] Set own game mode to Survival Mode
[18Dec2022 00:02:18.935] [Server thread/INFO] [net.minecraft.server.MinecraftServer/]: [Dev: Set own game mode to Creative Mode]
[18Dec2022 00:02:18.936] [Render thread/INFO] [net.minecraft.client.gui.components.ChatComponent/]: [System] [CHAT] Set own game mode to Creative Mode
[18Dec2022 00:02:27.724] [Server thread/INFO] [net.minecraft.client.server.IntegratedServer/]: Saving and pausing game...
[18Dec2022 00:02:27.728] [Server thread/INFO] [net.minecraft.server.MinecraftServer/]: Saving chunks for level 'ServerLevel[Prototype Jungle Skeleton 1]'/minecraft:overworld
[18Dec2022 00:02:27.738] [Server thread/INFO] [net.minecraft.server.MinecraftServer/]: Saving chunks for level 'ServerLevel[Prototype Jungle Skeleton 1]'/minecraft:the_end
[18Dec2022 00:02:27.740] [Server thread/INFO] [net.minecraft.server.MinecraftServer/]: Saving chunks for level 'ServerLevel[Prototype Jungle Skeleton 1]'/minecraft:the_nether
[18Dec2022 00:02:35.891] [Render thread/INFO] [net.minecraft.advancements.AdvancementList/]: Loaded 17 advancements
[18Dec2022 00:02:45.213] [Server thread/INFO] [net.minecraft.server.MinecraftServer/]: [Dev: Set own game mode to Survival Mode]
[18Dec2022 00:02:45.213] [Render thread/INFO] [net.minecraft.client.gui.components.ChatComponent/]: [System] [CHAT] Set own game mode to Survival Mode
[18Dec2022 00:03:02.459] [Server thread/INFO] [net.minecraft.server.MinecraftServer/]: Dev has made the advancement [Monster Hunter]
[18Dec2022 00:03:02.472] [Render thread/INFO] [net.minecraft.client.gui.components.ChatComponent/]: [System] [CHAT] Dev has made the advancement [Monster Hunter]
[18Dec2022 00:03:02.488] [Render thread/INFO] [net.minecraft.advancements.AdvancementList/]: Loaded 43 advancements
[18Dec2022 00:03:05.186] [Render thread/INFO] [net.minecraft.advancements.AdvancementList/]: Loaded 60 advancements
[18Dec2022 00:03:35.940] [Render thread/INFO] [net.minecraft.advancements.AdvancementList/]: Loaded 60 advancements
[18Dec2022 00:03:57.491] [Render thread/INFO] [net.minecraft.advancements.AdvancementList/]: Loaded 60 advancements
[18Dec2022 00:04:28.837] [Render thread/INFO] [net.minecraft.advancements.AdvancementList/]: Loaded 60 advancements
[18Dec2022 00:05:54.873] [Server thread/INFO] [net.minecraft.client.server.IntegratedServer/]: Saving and pausing game...
[18Dec2022 00:05:54.877] [Server thread/INFO] [net.minecraft.server.MinecraftServer/]: Saving chunks for level 'ServerLevel[Prototype Jungle Skeleton 1]'/minecraft:overworld
[18Dec2022 00:05:54.885] [Server thread/INFO] [net.minecraft.server.MinecraftServer/]: Saving chunks for level 'ServerLevel[Prototype Jungle Skeleton 1]'/minecraft:the_end
[18Dec2022 00:05:54.886] [Server thread/INFO] [net.minecraft.server.MinecraftServer/]: Saving chunks for level 'ServerLevel[Prototype Jungle Skeleton 1]'/minecraft:the_nether
[18Dec2022 00:06:07.399] [Render thread/INFO] [net.minecraft.advancements.AdvancementList/]: Loaded 60 advancements
[18Dec2022 00:07:48.834] [Render thread/INFO] [net.minecraft.advancements.AdvancementList/]: Loaded 60 advancements
[18Dec2022 00:07:51.378] [Render thread/INFO] [net.minecraft.advancements.AdvancementList/]: Loaded 67 advancements
[18Dec2022 00:07:51.485] [Render thread/INFO] [net.minecraft.advancements.AdvancementList/]: Loaded 68 advancements
[18Dec2022 00:07:56.439] [Server thread/INFO] [net.minecraft.server.MinecraftServer/]: Dev has made the advancement [Acquire Hardware]
[18Dec2022 00:07:56.442] [Render thread/INFO] [net.minecraft.client.gui.components.ChatComponent/]: [System] [CHAT] Dev has made the advancement [Acquire Hardware]
[18Dec2022 00:07:56.485] [Render thread/INFO] [net.minecraft.advancements.AdvancementList/]: Loaded 95 advancements
[18Dec2022 00:08:03.134] [Server thread/INFO] [net.minecraft.server.MinecraftServer/]: Dev has made the advancement [Stone Age]
[18Dec2022 00:08:03.135] [Render thread/INFO] [net.minecraft.client.gui.components.ChatComponent/]: [System] [CHAT] Dev has made the advancement [Stone Age]
[18Dec2022 00:08:03.181] [Render thread/INFO] [net.minecraft.advancements.AdvancementList/]: Loaded 109 advancements
[18Dec2022 00:08:06.182] [Server thread/INFO] [net.minecraft.server.MinecraftServer/]: Dev has made the advancement [Not Today, Thank You]
[18Dec2022 00:08:06.185] [Render thread/INFO] [net.minecraft.client.gui.components.ChatComponent/]: [System] [CHAT] Dev has made the advancement [Not Today, Thank You]
[18Dec2022 00:08:06.233] [Render thread/INFO] [net.minecraft.advancements.AdvancementList/]: Loaded 109 advancements
[18Dec2022 00:08:19.132] [Server thread/INFO] [net.minecraft.server.MinecraftServer/]: [Dev: Set own game mode to Creative Mode]
[18Dec2022 00:08:19.141] [Render thread/INFO] [net.minecraft.client.gui.components.ChatComponent/]: [System] [CHAT] Set own game mode to Creative Mode
[18Dec2022 00:09:08.747] [Render thread/WARN] [net.minecraft.client.sounds.SoundEngine/SOUNDS]: Unable to play empty soundEvent: minecraft:entity.tropical_fish.ambient
[18Dec2022 00:09:25.107] [Render thread/INFO] [net.minecraft.client.gui.components.ChatComponent/]: [System] [CHAT] Saved screenshot as 2022-12-18_00.09.24.png
[18Dec2022 00:09:32.524] [Server thread/INFO] [net.minecraft.client.server.IntegratedServer/]: Saving and pausing game...
[18Dec2022 00:09:32.529] [Server thread/INFO] [net.minecraft.server.MinecraftServer/]: Saving chunks for level 'ServerLevel[Prototype Jungle Skeleton 1]'/minecraft:overworld
[18Dec2022 00:09:32.537] [Server thread/INFO] [net.minecraft.server.MinecraftServer/]: Saving chunks for level 'ServerLevel[Prototype Jungle Skeleton 1]'/minecraft:the_end
[18Dec2022 00:09:32.538] [Server thread/INFO] [net.minecraft.server.MinecraftServer/]: Saving chunks for level 'ServerLevel[Prototype Jungle Skeleton 1]'/minecraft:the_nether
[18Dec2022 00:09:33.333] [Server thread/INFO] [net.minecraft.server.network.ServerGamePacketListenerImpl/]: Dev lost connection: Disconnected
[18Dec2022 00:09:33.333] [Server thread/INFO] [net.minecraft.server.MinecraftServer/]: Dev left the game
[18Dec2022 00:09:33.341] [Server thread/INFO] [net.minecraft.server.network.ServerGamePacketListenerImpl/]: Stopping singleplayer server as player logged out
[18Dec2022 00:09:33.389] [Server thread/INFO] [net.minecraft.server.MinecraftServer/]: Stopping server
[18Dec2022 00:09:33.390] [Server thread/INFO] [net.minecraft.server.MinecraftServer/]: Saving players
[18Dec2022 00:09:33.390] [Server thread/INFO] [net.minecraft.server.MinecraftServer/]: Saving worlds
[18Dec2022 00:09:35.208] [Server thread/INFO] [net.minecraft.server.MinecraftServer/]: Saving chunks for level 'ServerLevel[Prototype Jungle Skeleton 1]'/minecraft:overworld
[18Dec2022 00:09:35.375] [Server thread/INFO] [net.minecraft.server.MinecraftServer/]: Saving chunks for level 'ServerLevel[Prototype Jungle Skeleton 1]'/minecraft:the_end
[18Dec2022 00:09:35.376] [Server thread/INFO] [net.minecraft.server.MinecraftServer/]: Saving chunks for level 'ServerLevel[Prototype Jungle Skeleton 1]'/minecraft:the_nether
[18Dec2022 00:09:35.395] [Server thread/INFO] [net.minecraft.server.MinecraftServer/]: ThreadedAnvilChunkStorage (Prototype Jungle Skeleton 1): All chunks are saved
[18Dec2022 00:09:35.395] [Server thread/INFO] [net.minecraft.server.MinecraftServer/]: ThreadedAnvilChunkStorage (DIM1): All chunks are saved
[18Dec2022 00:09:35.395] [Server thread/INFO] [net.minecraft.server.MinecraftServer/]: ThreadedAnvilChunkStorage (DIM-1): All chunks are saved
[18Dec2022 00:09:35.395] [Server thread/INFO] [net.minecraft.server.MinecraftServer/]: ThreadedAnvilChunkStorage: All dimensions are saved
[18Dec2022 00:09:37.222] [Render thread/INFO] [net.minecraft.client.Minecraft/]: Stopping!
